2026-06-10 16:17:39,433 [Main              ] INFO — ============================================================
2026-06-10 16:17:39,435 [Main              ] INFO —   Landmine Detection Robot — Starting
2026-06-10 16:17:39,436 [Main              ] INFO —   simulate=True  port=/dev/ttyUSB0
2026-06-10 16:17:39,436 [Main              ] INFO —   yolo=True  device=cpu
2026-06-10 16:17:39,436 [Main              ] INFO — ============================================================
2026-06-10 16:17:39,439 [Main              ] INFO — Starting ArduinoBridge...
2026-06-10 16:17:39,441 [ArduinoBridge     ] INFO — SimulatedArduinoBridge started
2026-06-10 16:17:39,442 [Main              ] INFO — Starting VisionProcessor...
2026-06-10 16:17:39,442 [VisionProcessor   ] INFO — VisionProcessor — SIMULATION mode
2026-06-10 16:17:39,445 [Main              ] INFO — Starting HumanSafetyMonitor...
2026-06-10 16:17:39,446 [HumanSafety       ] INFO — HumanSafetyMonitor started
2026-06-10 16:17:39,446 [Main              ] INFO — Starting MissionLogger...
2026-06-10 16:17:39,448 [MissionLogger     ] INFO — MissionLogger started
2026-06-10 16:17:39,449 [Main              ] INFO — All components started.
2026-06-10 16:17:39,449 [Main              ] INFO — Keys: Q=quit  P=pause/resume  R=reset  C=clear logs
2026-06-10 16:17:44,273 [MissionLogger     ] INFO — OBSTACLE LOG #1 | label=chair conf=87% threat=HIGH
2026-06-10 16:17:44,283 [MissionLogger     ] INFO — Obstacle image saved: logs/obstacles\OBS_20260610_161744_chair_HIGH.jpg
2026-06-10 16:17:48,184 [HumanSafety       ] WARNING — HUMAN DETECTED | conf=91% label=person
2026-06-10 16:17:48,185 [Main              ] WARNING — HUMAN DETECTED | conf=91% | image=
2026-06-10 16:17:48,189 [MissionLogger     ] INFO — OBSTACLE LOG #2 | label=person conf=91% threat=CRITICAL
2026-06-10 16:17:48,190 [HumanSafety       ] INFO — Human image saved: logs/human_detections\HUMAN_20260610_161748_185_conf91%.jpg
2026-06-10 16:17:48,194 [MissionLogger     ] INFO — Obstacle image saved: logs/obstacles\OBS_20260610_161748_person_CRITICAL.jpg
2026-06-10 16:17:50,446 [Main              ] INFO — Shutdown signal received
2026-06-10 16:17:50,449 [Main              ] INFO — Stopping all components...
2026-06-10 16:17:50,498 [MissionLogger     ] INFO — MissionLogger stopped
2026-06-10 16:17:50,594 [HumanSafety       ] INFO — HumanSafetyMonitor stopped
2026-06-10 16:17:50,663 [VisionProcessor   ] INFO — VisionProcessor stopped
2026-06-10 16:17:50,669 [ArduinoBridge     ] INFO — ArduinoBridge stopping...
2026-06-10 16:17:50,700 [ArduinoBridge     ] INFO — ArduinoBridge stopped.
2026-06-10 16:17:50,718 [Main              ] INFO — System stopped cleanly.
2026-06-10 16:17:50,720 [Main              ] INFO — Logger stats: {'mines_logged': 0, 'obstacles_logged': 2, 'mine_dir_size': 4.00543212890625e-05, 'obstacle_dir_size': 0.055130958557128906}
2026-06-10 16:17:55,265 [Main              ] INFO — ============================================================
2026-06-10 16:17:55,266 [Main              ] INFO —   Landmine Detection Robot — Starting
2026-06-10 16:17:55,268 [Main              ] INFO —   simulate=False  port=/dev/ttyUSB0
2026-06-10 16:17:55,269 [Main              ] INFO —   yolo=True  device=cpu
2026-06-10 16:17:55,269 [Main              ] INFO — ============================================================
2026-06-10 16:17:55,270 [Main              ] INFO — Starting ArduinoBridge...
2026-06-10 16:17:55,292 [ArduinoBridge     ] WARNING — Arduino not found — running in simulation mode.
2026-06-10 16:17:55,293 [ArduinoBridge     ] INFO — Attempting reconnect to /dev/ttyUSB0...
2026-06-10 16:17:55,294 [ArduinoBridge     ] INFO — ArduinoBridge started — port=/dev/ttyUSB0 connected=False
2026-06-10 16:17:55,294 [Main              ] WARNING — Arduino not connected — vision only mode
2026-06-10 16:17:55,294 [Main              ] INFO — Starting VisionProcessor...
2026-06-10 16:17:57,306 [ArduinoBridge     ] WARNING — Arduino not found — running in simulation mode.
2026-06-10 16:17:57,306 [ArduinoBridge     ] INFO — Attempting reconnect to /dev/ttyUSB0...
2026-06-10 16:17:59,317 [ArduinoBridge     ] WARNING — Arduino not found — running in simulation mode.
2026-06-10 16:17:59,317 [ArduinoBridge     ] INFO — Attempting reconnect to /dev/ttyUSB0...
2026-06-10 16:18:01,356 [ArduinoBridge     ] WARNING — Arduino not found — running in simulation mode.
2026-06-10 16:18:01,359 [ArduinoBridge     ] INFO — Attempting reconnect to /dev/ttyUSB0...
2026-06-10 16:18:03,368 [ArduinoBridge     ] WARNING — Arduino not found — running in simulation mode.
2026-06-10 16:18:03,369 [ArduinoBridge     ] INFO — Attempting reconnect to /dev/ttyUSB0...
2026-06-10 16:18:03,422 [VisionProcessor   ] INFO — Loading YOLO: yolov8n.pt on cpu
2026-06-10 16:18:03,819 [VisionProcessor   ] INFO — VisionProcessor started | camera=0 yolo=True
2026-06-10 16:18:03,820 [Main              ] INFO — Starting HumanSafetyMonitor...
2026-06-10 16:18:03,821 [HumanSafety       ] INFO — HumanSafetyMonitor started
2026-06-10 16:18:03,821 [Main              ] INFO — Starting MissionLogger...
2026-06-10 16:18:03,822 [MissionLogger     ] INFO — MissionLogger started
2026-06-10 16:18:03,823 [Main              ] INFO — All components started.
2026-06-10 16:18:03,823 [Main              ] INFO — Keys: Q=quit  P=pause/resume  R=reset  C=clear logs
2026-06-10 16:18:05,381 [ArduinoBridge     ] WARNING — Arduino not found — running in simulation mode.
2026-06-10 16:18:05,383 [ArduinoBridge     ] INFO — Attempting reconnect to /dev/ttyUSB0...
2026-06-10 16:18:07,399 [ArduinoBridge     ] WARNING — Arduino not found — running in simulation mode.
2026-06-10 16:18:07,400 [ArduinoBridge     ] INFO — Attempting reconnect to /dev/ttyUSB0...
2026-06-10 16:18:07,644 [MissionLogger     ] INFO — OBSTACLE LOG #1 | label=cat conf=50% threat=HIGH
2026-06-10 16:18:07,652 [MissionLogger     ] INFO — Obstacle image saved: logs/obstacles\OBS_20260610_161807_cat_HIGH.jpg
2026-06-10 16:18:07,744 [MissionLogger     ] INFO — OBSTACLE LOG #2 | label= conf=0% threat=NONE
2026-06-10 16:18:07,751 [MissionLogger     ] INFO — Obstacle image saved: logs/obstacles\OBS_20260610_161807__NONE.jpg
2026-06-10 16:18:09,412 [ArduinoBridge     ] WARNING — Arduino not found — running in simulation mode.
2026-06-10 16:18:09,413 [ArduinoBridge     ] INFO — Attempting reconnect to /dev/ttyUSB0...
2026-06-10 16:18:11,425 [ArduinoBridge     ] WARNING — Arduino not found — running in simulation mode.
2026-06-10 16:18:11,426 [ArduinoBridge     ] INFO — Attempting reconnect to /dev/ttyUSB0...
2026-06-10 16:18:12,872 [MissionLogger     ] INFO — OBSTACLE LOG #3 | label=person conf=62% threat=HIGH
2026-06-10 16:18:12,880 [MissionLogger     ] INFO — Obstacle image saved: logs/obstacles\OBS_20260610_161812_person_HIGH.jpg
2026-06-10 16:18:13,444 [ArduinoBridge     ] WARNING — Arduino not found — running in simulation mode.
2026-06-10 16:18:13,445 [ArduinoBridge     ] INFO — Attempting reconnect to /dev/ttyUSB0...
2026-06-10 16:18:15,113 [Main              ] INFO — Shutdown signal received
2026-06-10 16:18:15,118 [Main              ] INFO — Stopping all components...
2026-06-10 16:18:15,185 [MissionLogger     ] INFO — MissionLogger stopped
2026-06-10 16:18:15,285 [HumanSafety       ] INFO — HumanSafetyMonitor stopped
2026-06-10 16:18:15,462 [ArduinoBridge     ] WARNING — Arduino not found — running in simulation mode.
2026-06-10 16:18:15,467 [ArduinoBridge     ] INFO — Attempting reconnect to /dev/ttyUSB0...
2026-06-10 16:18:15,583 [VisionProcessor   ] INFO — VisionProcessor stopped
2026-06-10 16:18:15,584 [ArduinoBridge     ] INFO — ArduinoBridge stopping...
2026-06-10 16:18:17,525 [ArduinoBridge     ] WARNING — Arduino not found — running in simulation mode.
2026-06-10 16:18:17,530 [ArduinoBridge     ] INFO — ArduinoBridge stopped.
2026-06-10 16:18:17,549 [Main              ] INFO — System stopped cleanly.
2026-06-10 16:18:17,551 [Main              ] INFO — Logger stats: {'mines_logged': 0, 'obstacles_logged': 3, 'mine_dir_size': 4.00543212890625e-05, 'obstacle_dir_size': 0.15781497955322266}
2026-06-10 16:19:05,044 [Main              ] INFO — ============================================================
2026-06-10 16:19:05,044 [Main              ] INFO —   Landmine Detection Robot — Starting
2026-06-10 16:19:05,045 [Main              ] INFO —   simulate=False  port=COM3
2026-06-10 16:19:05,046 [Main              ] INFO —   yolo=True  device=cpu
2026-06-10 16:19:05,046 [Main              ] INFO — ============================================================
2026-06-10 16:19:05,047 [Main              ] INFO — Starting ArduinoBridge...
2026-06-10 16:19:07,089 [ArduinoBridge     ] INFO — Connected to Arduino on COM3 @ 9600 baud
2026-06-10 16:19:07,093 [ArduinoBridge     ] INFO — ArduinoBridge started — port=COM3 connected=True
2026-06-10 16:19:07,094 [Main              ] INFO — Starting VisionProcessor...
2026-06-10 16:19:14,568 [VisionProcessor   ] INFO — Loading YOLO: yolov8n.pt on cpu
2026-06-10 16:19:14,976 [VisionProcessor   ] INFO — VisionProcessor started | camera=0 yolo=True
2026-06-10 16:19:14,976 [Main              ] INFO — Starting HumanSafetyMonitor...
2026-06-10 16:19:14,977 [HumanSafety       ] INFO — HumanSafetyMonitor started
2026-06-10 16:19:14,978 [Main              ] INFO — Starting MissionLogger...
2026-06-10 16:19:14,978 [MissionLogger     ] INFO — MissionLogger started
2026-06-10 16:19:14,979 [Main              ] INFO — All components started.
2026-06-10 16:19:14,979 [Main              ] INFO — Keys: Q=quit  P=pause/resume  R=reset  C=clear logs
2026-06-10 16:19:17,190 [MissionLogger     ] INFO — OBSTACLE LOG #1 | label=cat conf=63% threat=HIGH
2026-06-10 16:19:17,197 [MissionLogger     ] INFO — Obstacle image saved: logs/obstacles\OBS_20260610_161917_cat_HIGH.jpg
2026-06-10 16:19:17,290 [MissionLogger     ] INFO — OBSTACLE LOG #2 | label= conf=0% threat=NONE
2026-06-10 16:19:17,296 [MissionLogger     ] INFO — Obstacle image saved: logs/obstacles\OBS_20260610_161917__NONE.jpg
2026-06-10 16:19:22,014 [MissionLogger     ] INFO — OBSTACLE LOG #3 | label=person conf=48% threat=HIGH
2026-06-10 16:19:22,020 [MissionLogger     ] INFO — Obstacle image saved: logs/obstacles\OBS_20260610_161922_person_HIGH.jpg
2026-06-10 16:19:22,316 [MissionLogger     ] INFO — OBSTACLE LOG #4 | label= conf=0% threat=NONE
2026-06-10 16:19:22,320 [MissionLogger     ] INFO — Obstacle image saved: logs/obstacles\OBS_20260610_161922__NONE.jpg
2026-06-10 16:19:27,850 [Main              ] INFO — Shutdown signal received
2026-06-10 16:19:27,851 [Main              ] INFO — Stopping all components...
2026-06-10 16:19:27,950 [MissionLogger     ] INFO — MissionLogger stopped
2026-06-10 16:19:28,048 [HumanSafety       ] INFO — HumanSafetyMonitor stopped
2026-06-10 16:19:28,375 [VisionProcessor   ] INFO — VisionProcessor stopped
2026-06-10 16:19:28,376 [ArduinoBridge     ] INFO — ArduinoBridge stopping...
2026-06-10 16:19:28,523 [ArduinoBridge     ] INFO — ArduinoBridge stopped.
2026-06-10 16:19:28,539 [Main              ] INFO — System stopped cleanly.
2026-06-10 16:19:28,543 [Main              ] INFO — Logger stats: {'mines_logged': 0, 'obstacles_logged': 4, 'mine_dir_size': 4.00543212890625e-05, 'obstacle_dir_size': 0.33588504791259766}
